---------- Date: 2019-02-12 14:37:58 ~ IP : 103.255.5.105 ----------
REQUEST URI : /admin/index.php?route=common/home&amp;token=97e3167af62a5d2e14bb7a7cce7ed23b
MOD DETAILS:
   modFile   : /home/phonerep/public_html/wx/core/wx_main.xml
   id        : WXHosting.com Speed Optimization Settings
   version   : 2.0
   vqmver    : 2.1
   author    : Jeff Hunter aka Tcalp
VQModObject::parseMods - Could not resolve path for [system/framework.php] (SKIPPED)

File Name    : admin/view/template/common/header.tpl(1)
VQModObject::applyMod - SEARCH NOT FOUND (SKIPPED): <ul class="nav pull-right">

MOD DETAILS:
   modFile   : /home/phonerep/public_html/vqmod/xml/pos.xml
   id        : POS Menu Item
   version   : 1.0
   vqmver    : 2.x
   author    : Krafty Solutions

File Name    : admin/model/sale/order.php(0)
VQModObject::applyMod - SEARCH NOT FOUND (ABORTING MOD): 'shipping_firstname'      => $order_query->row['shipping_firstname'
MOD DETAILS:
   modFile   : /home/phonerep/public_html/vqmod/xml/vqmod_admin_elfinder.xml
   id        : ElFinder Uploading and Selection Support
   version   : 2.1.7b
   vqmver    : 2.1.6
   author    : fpdesign

File Name    : admin/view/template/common/footer.tpl(0)
VQModObject::applyMod - SEARCH NOT FOUND (ABORTING MOD): <div id="footer"><?php echo $text_footer; ?></div>

----------------------------------------------------------------------


---------- Date: 2019-02-12 14:37:59 ~ IP : 46.229.168.131 ----------
REQUEST URI : /htc-droid-incredible-2-usb-charging-portflx-ucp-078
MOD DETAILS:
   modFile   : /home/phonerep/public_html/vqmod/xml/vqmod_youtube_product.xml
   id        : Youtube Product (twitter:@esopen)
   version   : 1.5.3.x
   vqmver    : 1.2.3
   author    : Hilde

File Name    : catalog/model/catalog/product.php(0)
VQModObject::applyMod - SEARCH NOT FOUND (ABORTING MOD): $query = $this->db->query("SELECT DISTINCT *, pd.name AS name, p.image, m.name AS manufacturer, (SELECT price FROM " . DB_PREFIX . "product_discount pd2 WHERE pd2.product_id = p.product_id AND pd2.customer_group_id = '" . (int)$customer_group_id . "' AND pd2.quantity = '1' AND ((pd2.date_start = '0000-00-00' OR pd2.date_start < NOW()) AND (pd2.date_end = '0000-00-00' OR pd2.date_end > NOW())) ORDER BY pd2.priority ASC, pd2.price ASC LIMIT 1) AS discount, (SELECT price FROM " . DB_PREFIX . "product_special ps WHERE ps.product_id = p.product_id AND ps.customer_group_id = '" . (int)$customer_group_id . "' AND ((ps.date_start = '0000-00-00' OR ps.date_start < NOW()) AND (ps.date_end = '0000-00-00' OR ps.date_end > NOW())) ORDER BY ps.priority ASC, ps.price ASC LIMIT 1) AS special, (SELECT points FROM " . DB_PREFIX . "product_reward pr WHERE pr.product_id = p.product_id AND customer_group_id = '" . (int)$customer_group_id . "') AS reward, (SELECT ss.name FROM " . DB_PREFIX . "stock_status ss WHERE ss.stock_status_id = p.stock_status_id AND ss.language_id = '" . (int)$this->config->get('config_language_id') . "') AS stock_status, (SELECT wcd.unit FROM " . DB_PREFIX . "weight_class_description wcd WHERE p.weight_class_id = wcd.weight_class_id AND wcd.language_id = '" . (int)$this->config->get('config_language_id') . "') AS weight_class, (SELECT lcd.unit FROM " . DB_PREFIX . "length_class_description lcd WHERE p.length_class_id = lcd.length_class_id AND lcd.language_id = '" . (int)$this->config->get('config_language_id') . "') AS length_class, (SELECT AVG(rating) AS total FROM " . DB_PREFIX . "review r1 WHERE r1.product_id = p.product_id AND r1.status = '1' GROUP BY r1.product_id) AS rating, (SELECT COUNT(*) AS total FROM " . DB_PREFIX . "review r2 WHERE r2.product_id = p.product_id AND r2.status = '1' GROUP BY r2.product_id) AS reviews, p.sort_order FROM " . DB_PREFIX . "product p LEFT JOIN " . DB_PREFIX . "product_description pd ON (p.product_id = pd.product_id) LEFT JOIN " . DB_PREFIX . "product_to_store p2s ON (p.product_id = p2s.product_id) LEFT JOIN " . DB_PREFIX . "manufacturer m ON (p.manufacturer_id = m.manufacturer_id) WHERE p.product_id = '" . (int)$product_id . "' AND pd.language_id = '" . (int)$this->config->get('config_language_id') . "' AND p.status = '1' AND p.date_available <= NOW() AND p2s.store_id = '" . (int)$this->config->get('config_store_id') . "'");
MOD DETAILS:
   modFile   : /home/phonerep/public_html/vqmod/xml/float_cart.xml
   id        : Float Cart
   version   : 1.0
   vqmver    : 2.1.5
   author    : BigPayout - Stan

File Name    : catalog/view/theme/*/template/common/header.tpl(1)
VQModObject::applyMod - SEARCH NOT FOUND (ABORTING MOD): <div id="notification"></div>

MOD DETAILS:
   modFile   : /home/phonerep/public_html/vqmod/xml/option_adds_product.xml
   id        : Option Adds Product
   version   : 156.4
   vqmver    : 2.4.1
   author    : Qphoria

File Name    : catalog/view/theme/*/template/product/product.tpl(0)
VQModObject::applyMod - SEARCH NOT FOUND (ABORTING MOD): <?php echo $option_value['name']; ?>
MOD DETAILS:
   modFile   : /home/phonerep/public_html/vqmod/xml/similar_products.xml
   id        : Enables you to associate similar products with a product. Works just like related products.
   version   : 4.0.1
   vqmver    : 2.3.0
   author    : bull5-i

File Name    : catalog/view/theme/*/template/product/product.tpl(0)
VQModObject::applyMod - SEARCH NOT FOUND (ABORTING MOD): <div id="tabs" class="htabs">
----------------------------------------------------------------------


---------- Date: 2019-02-12 14:41:25 ~ IP : 103.255.5.105 ----------
REQUEST URI : /admin/index.php?route=common/home&amp;token=97e3167af62a5d2e14bb7a7cce7ed23b
MOD DETAILS:
   modFile   : /home/phonerep/public_html/wx/core/wx_main.xml
   id        : WXHosting.com Speed Optimization Settings
   version   : 2.0
   vqmver    : 2.1
   author    : Jeff Hunter aka Tcalp
VQModObject::parseMods - Could not resolve path for [system/framework.php] (SKIPPED)

File Name    : admin/view/template/common/header.tpl(1)
VQModObject::applyMod - SEARCH NOT FOUND (SKIPPED): <ul class="nav pull-right">

MOD DETAILS:
   modFile   : /home/phonerep/public_html/vqmod/xml/pos.xml
   id        : POS Menu Item
   version   : 1.0
   vqmver    : 2.x
   author    : Krafty Solutions

File Name    : admin/model/sale/order.php(0)
VQModObject::applyMod - SEARCH NOT FOUND (ABORTING MOD): 'shipping_firstname'      => $order_query->row['shipping_firstname'
MOD DETAILS:
   modFile   : /home/phonerep/public_html/vqmod/xml/vqmod_admin_elfinder.xml
   id        : ElFinder Uploading and Selection Support
   version   : 2.1.7b
   vqmver    : 2.1.6
   author    : fpdesign

File Name    : admin/view/template/common/footer.tpl(0)
VQModObject::applyMod - SEARCH NOT FOUND (ABORTING MOD): <div id="footer"><?php echo $text_footer; ?></div>

----------------------------------------------------------------------


---------- Date: 2019-02-12 14:41:29 ~ IP : 40.77.167.73 ----------
REQUEST URI : /htc-windows-8xt-vibrator-motor-module-flx-htc-546
MOD DETAILS:
   modFile   : /home/phonerep/public_html/vqmod/xml/vqmod_youtube_product.xml
   id        : Youtube Product (twitter:@esopen)
   version   : 1.5.3.x
   vqmver    : 1.2.3
   author    : Hilde

File Name    : catalog/model/catalog/product.php(0)
VQModObject::applyMod - SEARCH NOT FOUND (ABORTING MOD): $query = $this->db->query("SELECT DISTINCT *, pd.name AS name, p.image, m.name AS manufacturer, (SELECT price FROM " . DB_PREFIX . "product_discount pd2 WHERE pd2.product_id = p.product_id AND pd2.customer_group_id = '" . (int)$customer_group_id . "' AND pd2.quantity = '1' AND ((pd2.date_start = '0000-00-00' OR pd2.date_start < NOW()) AND (pd2.date_end = '0000-00-00' OR pd2.date_end > NOW())) ORDER BY pd2.priority ASC, pd2.price ASC LIMIT 1) AS discount, (SELECT price FROM " . DB_PREFIX . "product_special ps WHERE ps.product_id = p.product_id AND ps.customer_group_id = '" . (int)$customer_group_id . "' AND ((ps.date_start = '0000-00-00' OR ps.date_start < NOW()) AND (ps.date_end = '0000-00-00' OR ps.date_end > NOW())) ORDER BY ps.priority ASC, ps.price ASC LIMIT 1) AS special, (SELECT points FROM " . DB_PREFIX . "product_reward pr WHERE pr.product_id = p.product_id AND customer_group_id = '" . (int)$customer_group_id . "') AS reward, (SELECT ss.name FROM " . DB_PREFIX . "stock_status ss WHERE ss.stock_status_id = p.stock_status_id AND ss.language_id = '" . (int)$this->config->get('config_language_id') . "') AS stock_status, (SELECT wcd.unit FROM " . DB_PREFIX . "weight_class_description wcd WHERE p.weight_class_id = wcd.weight_class_id AND wcd.language_id = '" . (int)$this->config->get('config_language_id') . "') AS weight_class, (SELECT lcd.unit FROM " . DB_PREFIX . "length_class_description lcd WHERE p.length_class_id = lcd.length_class_id AND lcd.language_id = '" . (int)$this->config->get('config_language_id') . "') AS length_class, (SELECT AVG(rating) AS total FROM " . DB_PREFIX . "review r1 WHERE r1.product_id = p.product_id AND r1.status = '1' GROUP BY r1.product_id) AS rating, (SELECT COUNT(*) AS total FROM " . DB_PREFIX . "review r2 WHERE r2.product_id = p.product_id AND r2.status = '1' GROUP BY r2.product_id) AS reviews, p.sort_order FROM " . DB_PREFIX . "product p LEFT JOIN " . DB_PREFIX . "product_description pd ON (p.product_id = pd.product_id) LEFT JOIN " . DB_PREFIX . "product_to_store p2s ON (p.product_id = p2s.product_id) LEFT JOIN " . DB_PREFIX . "manufacturer m ON (p.manufacturer_id = m.manufacturer_id) WHERE p.product_id = '" . (int)$product_id . "' AND pd.language_id = '" . (int)$this->config->get('config_language_id') . "' AND p.status = '1' AND p.date_available <= NOW() AND p2s.store_id = '" . (int)$this->config->get('config_store_id') . "'");
MOD DETAILS:
   modFile   : /home/phonerep/public_html/vqmod/xml/float_cart.xml
   id        : Float Cart
   version   : 1.0
   vqmver    : 2.1.5
   author    : BigPayout - Stan

File Name    : catalog/view/theme/*/template/common/header.tpl(1)
VQModObject::applyMod - SEARCH NOT FOUND (ABORTING MOD): <div id="notification"></div>

MOD DETAILS:
   modFile   : /home/phonerep/public_html/vqmod/xml/option_adds_product.xml
   id        : Option Adds Product
   version   : 156.4
   vqmver    : 2.4.1
   author    : Qphoria

File Name    : catalog/view/theme/*/template/product/product.tpl(0)
VQModObject::applyMod - SEARCH NOT FOUND (ABORTING MOD): <?php echo $option_value['name']; ?>
MOD DETAILS:
   modFile   : /home/phonerep/public_html/vqmod/xml/similar_products.xml
   id        : Enables you to associate similar products with a product. Works just like related products.
   version   : 4.0.1
   vqmver    : 2.3.0
   author    : bull5-i

File Name    : catalog/view/theme/*/template/product/product.tpl(0)
VQModObject::applyMod - SEARCH NOT FOUND (ABORTING MOD): <div id="tabs" class="htabs">
----------------------------------------------------------------------


---------- Date: 2019-02-12 14:54:18 ~ IP : 157.55.39.133 ----------
REQUEST URI : /ppusa-1?page=2&amp;limit=25
MOD DETAILS:
   modFile   : /home/phonerep/public_html/vqmod/xml/huntbee_seo_canonical.xml
   id        : VQMOD SEO CANONICAL LINKS
   version   : 1.2
   vqmver    : 2.X
   author    : WEBGURUINDIA

File Name    : catalog/controller/product/manufacturer.php(0)
VQModObject::applyMod - SEARCH NOT FOUND (SKIPPED): $this->document->setTitle($manufacturer_info['name']);
----------------------------------------------------------------------


---------- Date: 2019-02-12 14:58:00 ~ IP : 45.32.94.6 ----------
REQUEST URI : /index.php?route=product/product/getUpdatedPrice
MOD DETAILS:
   modFile   : /home/phonerep/public_html/vqmod/xml/vqmod_youtube_product.xml
   id        : Youtube Product (twitter:@esopen)
   version   : 1.5.3.x
   vqmver    : 1.2.3
   author    : Hilde

File Name    : catalog/model/catalog/product.php(0)
VQModObject::applyMod - SEARCH NOT FOUND (ABORTING MOD): $query = $this->db->query("SELECT DISTINCT *, pd.name AS name, p.image, m.name AS manufacturer, (SELECT price FROM " . DB_PREFIX . "product_discount pd2 WHERE pd2.product_id = p.product_id AND pd2.customer_group_id = '" . (int)$customer_group_id . "' AND pd2.quantity = '1' AND ((pd2.date_start = '0000-00-00' OR pd2.date_start < NOW()) AND (pd2.date_end = '0000-00-00' OR pd2.date_end > NOW())) ORDER BY pd2.priority ASC, pd2.price ASC LIMIT 1) AS discount, (SELECT price FROM " . DB_PREFIX . "product_special ps WHERE ps.product_id = p.product_id AND ps.customer_group_id = '" . (int)$customer_group_id . "' AND ((ps.date_start = '0000-00-00' OR ps.date_start < NOW()) AND (ps.date_end = '0000-00-00' OR ps.date_end > NOW())) ORDER BY ps.priority ASC, ps.price ASC LIMIT 1) AS special, (SELECT points FROM " . DB_PREFIX . "product_reward pr WHERE pr.product_id = p.product_id AND customer_group_id = '" . (int)$customer_group_id . "') AS reward, (SELECT ss.name FROM " . DB_PREFIX . "stock_status ss WHERE ss.stock_status_id = p.stock_status_id AND ss.language_id = '" . (int)$this->config->get('config_language_id') . "') AS stock_status, (SELECT wcd.unit FROM " . DB_PREFIX . "weight_class_description wcd WHERE p.weight_class_id = wcd.weight_class_id AND wcd.language_id = '" . (int)$this->config->get('config_language_id') . "') AS weight_class, (SELECT lcd.unit FROM " . DB_PREFIX . "length_class_description lcd WHERE p.length_class_id = lcd.length_class_id AND lcd.language_id = '" . (int)$this->config->get('config_language_id') . "') AS length_class, (SELECT AVG(rating) AS total FROM " . DB_PREFIX . "review r1 WHERE r1.product_id = p.product_id AND r1.status = '1' GROUP BY r1.product_id) AS rating, (SELECT COUNT(*) AS total FROM " . DB_PREFIX . "review r2 WHERE r2.product_id = p.product_id AND r2.status = '1' GROUP BY r2.product_id) AS reviews, p.sort_order FROM " . DB_PREFIX . "product p LEFT JOIN " . DB_PREFIX . "product_description pd ON (p.product_id = pd.product_id) LEFT JOIN " . DB_PREFIX . "product_to_store p2s ON (p.product_id = p2s.product_id) LEFT JOIN " . DB_PREFIX . "manufacturer m ON (p.manufacturer_id = m.manufacturer_id) WHERE p.product_id = '" . (int)$product_id . "' AND pd.language_id = '" . (int)$this->config->get('config_language_id') . "' AND p.status = '1' AND p.date_available <= NOW() AND p2s.store_id = '" . (int)$this->config->get('config_store_id') . "'");
----------------------------------------------------------------------


---------- Date: 2019-02-12 15:00:04 ~ IP : N/A ----------
REQUEST URI : 
MOD DETAILS:
   modFile   : /home/phonerep/public_html/vqmod/xml/checkout_region_state_to_state_region.xml
   id        : Checkout - Rename State/Region to Region/State
   version   : 1.0
   vqmver    : 2.1.5
   author    : Jeff Hunter aka Tcalp

File Name    : catalog/language/english/checkout/checkout.php(0)
VQModObject::applyMod - SEARCH NOT FOUND (ABORTING MOD): Region / State

----------------------------------------------------------------------


---------- Date: 2019-02-12 15:05:52 ~ IP : 24.234.156.30 ----------
REQUEST URI : /index.php?route=checkout/cart/add
MOD DETAILS:
   modFile   : /home/phonerep/public_html/vqmod/xml/ApplyCouponVoucherDuringCheckout.xml
   id        : Add coupon or voucher during checkout
   version   : 1.5.2.x+
   vqmver    : 1.3.0
   author    : g-white

File Name    : catalog/controller/checkout/cart.php(0)
VQModObject::applyMod - SEARCH NOT FOUND (ABORTING MOD): if (isset($this->request->post['coupon']) && $this->validateCoupon()) {

----------------------------------------------------------------------


---------- Date: 2019-02-12 15:08:05 ~ IP : 108.170.149.103 ----------
REQUEST URI : /index.php?route=checkout/cart
MOD DETAILS:
   modFile   : /home/phonerep/public_html/vqmod/xml/ApplyCouponVoucherDuringCheckout.xml
   id        : Add coupon or voucher during checkout
   version   : 1.5.2.x+
   vqmver    : 1.3.0
   author    : g-white

File Name    : catalog/view/theme/*/template/checkout/cart.tpl(0)
VQModObject::applyMod - SEARCH NOT FOUND (ABORTING MOD): <td class="right"><b><?php echo $total['title']; ?>:</b></td>

----------------------------------------------------------------------


---------- Date: 2019-02-12 15:13:37 ~ IP : 74.221.15.116 ----------
REQUEST URI : /index.php?route=checkout/checkout&amp;nc=1
MOD DETAILS:
   modFile   : /home/phonerep/public_html/vqmod/xml/ApplyCouponVoucherDuringCheckout.xml
   id        : Add coupon or voucher during checkout
   version   : 1.5.2.x+
   vqmver    : 1.3.0
   author    : g-white

File Name    : catalog/view/theme/*/template/checkout/checkout.tpl(0)
VQModObject::applyMod - SEARCH NOT FOUND (ABORTING MOD): $('#button-payment-method').attr('disabled', false);

----------------------------------------------------------------------


---------- Date: 2019-02-12 15:14:04 ~ IP : 74.221.15.116 ----------
REQUEST URI : /index.php?route=checkout/shipping_address
MOD DETAILS:
   modFile   : /home/phonerep/public_html/vqmod/xml/google_analytics_expert.xml
   id        : Google Analytics Expert
   version   : 1.5.2 - 1.5.4x
   vqmver    : 3.7
   author    : spitos

File Name    : catalog/view/theme/*/template/checkout/shipping_address.tpl(0)
VQModObject::applyMod - SEARCH NOT FOUND (ABORTING MOD): <?php if ($addresses) { ?>

----------------------------------------------------------------------


---------- Date: 2019-02-12 15:14:35 ~ IP : 74.221.15.116 ----------
REQUEST URI : /index.php?route=checkout/payment_method
MOD DETAILS:
   modFile   : /home/phonerep/public_html/vqmod/xml/ApplyCouponVoucherDuringCheckout.xml
   id        : Add coupon or voucher during checkout
   version   : 1.5.2.x+
   vqmver    : 1.3.0
   author    : g-white

File Name    : catalog/view/theme/*/template/checkout/payment_method.tpl(0)
VQModObject::applyMod - SEARCH NOT FOUND (ABORTING MOD): </table>

MOD DETAILS:
   modFile   : /home/phonerep/public_html/vqmod/xml/google_analytics_expert.xml
   id        : Google Analytics Expert
   version   : 1.5.2 - 1.5.4x
   vqmver    : 3.7
   author    : spitos

File Name    : catalog/view/theme/*/template/checkout/payment_method.tpl(0)
VQModObject::applyMod - SEARCH NOT FOUND (ABORTING MOD): <?php if ($error_warning) { ?>

----------------------------------------------------------------------


---------- Date: 2019-02-12 16:17:05 ~ IP : 172.223.199.230 ----------
REQUEST URI : /index.php?route=checkout/guest_shipping
MOD DETAILS:
   modFile   : /home/phonerep/public_html/vqmod/xml/google_analytics_expert.xml
   id        : Google Analytics Expert
   version   : 1.5.2 - 1.5.4x
   vqmver    : 3.7
   author    : spitos

File Name    : catalog/view/theme/*/template/checkout/guest_shipping.tpl(0)
VQModObject::applyMod - SEARCH NOT FOUND (ABORTING MOD): <table class="form">

----------------------------------------------------------------------


