
Main Image:data/upload/FLX-LGM-582/1.jpg
Renamed Image: data/FLX-LGM/FLX-LGM-582/FLX-LGM-582-LG-Optimus-G2-LS980-Charging-Port-Headphone-Jack-Volume-Flex-1.jpg
Date Time: 12-10-2015 12:13:01

****************************************
Sub Image:data/upload/FLX-LGM-582/2.jpg
Renamed Image: data/FLX-LGM/FLX-LGM-582/FLX-LGM-582-LG-Optimus-G2-LS980-Charging-Port-Headphone-Jack-Volume-Flex-2.jpg
Date Time: 12-10-2015 12:13:01

****************************************
Sub Image:data/upload/FLX-LGM-582/3.jpg
Renamed Image: data/FLX-LGM/FLX-LGM-582/FLX-LGM-582-LG-Optimus-G2-LS980-Charging-Port-Headphone-Jack-Volume-Flex-3.jpg
Date Time: 12-10-2015 12:13:01

****************************************
Sub Image:data/upload/FLX-LGM-582/4.jpg
Renamed Image: data/FLX-LGM/FLX-LGM-582/FLX-LGM-582-LG-Optimus-G2-LS980-Charging-Port-Headphone-Jack-Volume-Flex-4.jpg
Date Time: 12-10-2015 12:13:01

****************************************
Sub Image:data/upload/FLX-LGM-582/5.jpg
Renamed Image: data/FLX-LGM/FLX-LGM-582/FLX-LGM-582-LG-Optimus-G2-LS980-Charging-Port-Headphone-Jack-Volume-Flex-5.jpg
Date Time: 12-10-2015 12:13:01

****************************************
Main Image:data/upload/FLX-LGM-582/1.jpg
Renamed Image: data/FLX-LGM/FLX-LGM-582/FLX-LGM-582-LG-Optimus-G2-LS980-Charging-Port-Headphone-Jack-Volume-Flex-1.jpg
Date Time: 12-10-2015 12:18:06

****************************************
Sub Image:data/upload/FLX-LGM-582/2.jpg
Renamed Image: data/FLX-LGM/FLX-LGM-582/FLX-LGM-582-LG-Optimus-G2-LS980-Charging-Port-Headphone-Jack-Volume-Flex-2.jpg
Date Time: 12-10-2015 12:18:06

****************************************
Sub Image:data/upload/FLX-LGM-582/3.jpg
Renamed Image: data/FLX-LGM/FLX-LGM-582/FLX-LGM-582-LG-Optimus-G2-LS980-Charging-Port-Headphone-Jack-Volume-Flex-3.jpg
Date Time: 12-10-2015 12:18:06

****************************************
Sub Image:data/upload/FLX-LGM-582/4.jpg
Renamed Image: data/FLX-LGM/FLX-LGM-582/FLX-LGM-582-LG-Optimus-G2-LS980-Charging-Port-Headphone-Jack-Volume-Flex-4.jpg
Date Time: 12-10-2015 12:18:06

****************************************
Sub Image:data/upload/FLX-LGM-582/5.jpg
Renamed Image: data/FLX-LGM/FLX-LGM-582/FLX-LGM-582-LG-Optimus-G2-LS980-Charging-Port-Headphone-Jack-Volume-Flex-5.jpg
Date Time: 12-10-2015 12:18:06

****************************************
Main Image:http://phonepartsusa.com/image/data/upload/FLX-LGM-582/1.jpg
Renamed Image: data/FLX-LGM/FLX-LGM-582/FLX-LGM-582-LG-Optimus-G2-LS980-Charging-Port-Headphone-Jack-Volume-Flex-1.jpg
Date Time: 12-10-2015 12:19:57

****************************************
Sub Image:http://phonepartsusa.com/image/data/upload/FLX-LGM-582/2.jpg
Renamed Image: data/FLX-LGM/FLX-LGM-582/FLX-LGM-582-LG-Optimus-G2-LS980-Charging-Port-Headphone-Jack-Volume-Flex-2.jpg
Date Time: 12-10-2015 12:19:57

****************************************
Sub Image:http://phonepartsusa.com/image/data/upload/FLX-LGM-582/3.jpg
Renamed Image: data/FLX-LGM/FLX-LGM-582/FLX-LGM-582-LG-Optimus-G2-LS980-Charging-Port-Headphone-Jack-Volume-Flex-3.jpg
Date Time: 12-10-2015 12:19:57

****************************************
Sub Image:http://phonepartsusa.com/image/data/upload/FLX-LGM-582/4.jpg
Renamed Image: data/FLX-LGM/FLX-LGM-582/FLX-LGM-582-LG-Optimus-G2-LS980-Charging-Port-Headphone-Jack-Volume-Flex-4.jpg
Date Time: 12-10-2015 12:19:57

****************************************
Sub Image:http://phonepartsusa.com/image/data/upload/FLX-LGM-582/5.jpg
Renamed Image: data/FLX-LGM/FLX-LGM-582/FLX-LGM-582-LG-Optimus-G2-LS980-Charging-Port-Headphone-Jack-Volume-Flex-5.jpg
Date Time: 12-10-2015 12:19:57

****************************************
Main Image:http://phonepartsusa.com/image/data/upload/FLX-LGM-582/1.jpg
Renamed Image: data/FLX-LGM/FLX-LGM-582/FLX-LGM-582-LG-Optimus-G2-LS980-Charging-Port-Headphone-Jack-Volume-Flex-1.jpg
Date Time: 12-10-2015 12:28:41

****************************************
Sub Image:http://phonepartsusa.com/image/data/upload/FLX-LGM-582/2.jpg
Renamed Image: data/FLX-LGM/FLX-LGM-582/FLX-LGM-582-LG-Optimus-G2-LS980-Charging-Port-Headphone-Jack-Volume-Flex-2.jpg
Date Time: 12-10-2015 12:28:41

****************************************
Sub Image:http://phonepartsusa.com/image/data/upload/FLX-LGM-582/3.jpg
Renamed Image: data/FLX-LGM/FLX-LGM-582/FLX-LGM-582-LG-Optimus-G2-LS980-Charging-Port-Headphone-Jack-Volume-Flex-3.jpg
Date Time: 12-10-2015 12:28:41

****************************************
Sub Image:http://phonepartsusa.com/image/data/upload/FLX-LGM-582/4.jpg
Renamed Image: data/FLX-LGM/FLX-LGM-582/FLX-LGM-582-LG-Optimus-G2-LS980-Charging-Port-Headphone-Jack-Volume-Flex-4.jpg
Date Time: 12-10-2015 12:28:41

****************************************
Sub Image:http://phonepartsusa.com/image/data/upload/FLX-LGM-582/5.jpg
Renamed Image: data/FLX-LGM/FLX-LGM-582/FLX-LGM-582-LG-Optimus-G2-LS980-Charging-Port-Headphone-Jack-Volume-Flex-5.jpg
Date Time: 12-10-2015 12:28:41

****************************************
Main Image:data/upload/FLX-SAM-1362/1.jpg
Renamed Image: data/FLX-SAM/FLX-SAM-1362/FLX-SAM-1362-Samsung-Galaxy-S5-ear-speaker-1.jpg
Date Time: 13-10-2015 10:34:31

****************************************
Main Image:data/upload/FLX-SAM-1362/1.jpg
Renamed Image: data/FLX-SAM/FLX-SAM-1362/FLX-SAM-1362-Samsung-Galaxy-S5-ear-speaker-1.jpg
Date Time: 13-10-2015 01:33:54

****************************************
Main Image:data/upload/FLX-SAM-1362/1.jpg
Renamed Image: data/FLX-SAM/FLX-SAM-1362/FLX-SAM-1362-Samsung-Galaxy-S5-ear-speaker-1.jpg
Date Time: 13-10-2015 07:45:30

****************************************
Main Image:data/upload/FLX-SAM-1362/1.jpg
Renamed Image: data/FLX-SAM/FLX-SAM-1362/FLX-SAM-1362-Samsung-Galaxy-S5-ear-speaker-1.jpg
Date Time: 13-10-2015 07:46:46

****************************************